<?xml version="1.0" encoding="UTF-8"?>
<testsuite name="org.cap.product.test.MyTheoryClass" tests="1" skipped="0" failures="0" errors="0" timestamp="2016-07-05T04:55:01" hostname="DIN39000535" time="0.232">
  <properties/>
  <testcase name="testMyTheory" classname="org.cap.product.test.MyTheoryClass" time="0.232"/>
  <system-out><![CDATA[-1,-1
-1,2
-1,0
-1,-5
-1,3
-1,5
-1,12
2,-1
2,2
2,0
2,-5
2,3
2,5
2,12
0,-1
0,2
0,0
0,-5
0,3
0,5
0,12
-5,-1
-5,2
-5,0
-5,-5
-5,3
-5,5
-5,12
3,-1
3,2
3,0
3,-5
3,3
3,5
3,12
5,-1
5,2
5,0
5,-5
5,3
5,5
5,12
12,-1
12,2
12,0
12,-5
12,3
12,5
12,12
-1,-1
-1,2
-1,0
-1,-5
-1,3
-1,5
-1,12
2,-1
2,2
2,0
2,-5
2,3
2,5
2,12
0,-1
0,2
0,0
0,-5
0,3
0,5
0,12
-5,-1
-5,2
-5,0
-5,-5
-5,3
-5,5
-5,12
3,-1
3,2
3,0
3,-5
3,3
3,5
3,12
5,-1
5,2
5,0
5,-5
5,3
5,5
5,12
12,-1
12,2
12,0
12,-5
12,3
12,5
12,12
-1,-1
-1,2
-1,0
-1,-5
-1,3
-1,5
-1,12
2,-1
2,2
2,0
2,-5
2,3
2,5
2,12
0,-1
0,2
0,0
0,-5
0,3
0,5
0,12
-5,-1
-5,2
-5,0
-5,-5
-5,3
-5,5
-5,12
3,-1
3,2
3,0
3,-5
3,3
3,5
3,12
5,-1
5,2
5,0
5,-5
5,3
5,5
5,12
12,-1
12,2
12,0
12,-5
12,3
12,5
12,12
-1,-1
-1,2
-1,0
-1,-5
-1,3
-1,5
-1,12
2,-1
2,2
2,0
2,-5
2,3
2,5
2,12
0,-1
0,2
0,0
0,-5
0,3
0,5
0,12
-5,-1
-5,2
-5,0
-5,-5
-5,3
-5,5
-5,12
3,-1
3,2
3,0
3,-5
3,3
3,5
3,12
5,-1
5,2
5,0
5,-5
5,3
5,5
5,12
12,-1
12,2
12,0
12,-5
12,3
12,5
12,12
-1,-1
-1,2
-1,0
-1,-5
-1,3
-1,5
-1,12
2,-1
2,2
2,0
2,-5
2,3
2,5
2,12
0,-1
0,2
0,0
0,-5
0,3
0,5
0,12
-5,-1
-5,2
-5,0
-5,-5
-5,3
-5,5
-5,12
3,-1
3,2
3,0
3,-5
3,3
3,5
3,12
5,-1
5,2
5,0
5,-5
5,3
5,5
5,12
12,-1
12,2
12,0
12,-5
12,3
12,5
12,12
-1,-1
-1,2
-1,0
-1,-5
-1,3
-1,5
-1,12
2,-1
2,2
2,0
2,-5
2,3
2,5
2,12
0,-1
0,2
0,0
0,-5
0,3
0,5
0,12
-5,-1
-5,2
-5,0
-5,-5
-5,3
-5,5
-5,12
3,-1
3,2
3,0
3,-5
3,3
3,5
3,12
5,-1
5,2
5,0
5,-5
5,3
5,5
5,12
12,-1
12,2
12,0
12,-5
12,3
12,5
12,12
-1,-1
-1,2
-1,0
-1,-5
-1,3
-1,5
-1,12
2,-1
2,2
2,0
2,-5
2,3
2,5
2,12
0,-1
0,2
0,0
0,-5
0,3
0,5
0,12
-5,-1
-5,2
-5,0
-5,-5
-5,3
-5,5
-5,12
3,-1
3,2
3,0
3,-5
3,3
3,5
3,12
5,-1
5,2
5,0
5,-5
5,3
5,5
5,12
12,-1
12,2
12,0
12,-5
12,3
12,5
12,12
-1,-1
-1,2
-1,0
-1,-5
-1,3
-1,5
-1,12
2,-1
2,2
2,0
2,-5
2,3
2,5
2,12
0,-1
0,2
0,0
0,-5
0,3
0,5
0,12
-5,-1
-5,2
-5,0
-5,-5
-5,3
-5,5
-5,12
3,-1
3,2
3,0
3,-5
3,3
3,5
3,12
5,-1
5,2
5,0
5,-5
5,3
5,5
5,12
12,-1
12,2
12,0
12,-5
12,3
12,5
12,12
-1,-1
-1,2
-1,0
-1,-5
-1,3
-1,5
-1,12
2,-1
2,2
2,0
2,-5
2,3
2,5
2,12
0,-1
0,2
0,0
0,-5
0,3
0,5
0,12
-5,-1
-5,2
-5,0
-5,-5
-5,3
-5,5
-5,12
3,-1
3,2
3,0
3,-5
3,3
3,5
3,12
5,-1
5,2
5,0
5,-5
5,3
5,5
5,12
12,-1
12,2
12,0
12,-5
12,3
12,5
12,12
-1,-1
-1,2
-1,0
-1,-5
-1,3
-1,5
-1,12
2,-1
2,2
2,0
2,-5
2,3
2,5
2,12
0,-1
0,2
0,0
0,-5
0,3
0,5
0,12
-5,-1
-5,2
-5,0
-5,-5
-5,3
-5,5
-5,12
3,-1
3,2
3,0
3,-5
3,3
3,5
3,12
5,-1
5,2
5,0
5,-5
5,3
5,5
5,12
12,-1
12,2
12,0
12,-5
12,3
12,5
12,12
-1,-1
-1,2
-1,0
-1,-5
-1,3
-1,5
-1,12
2,-1
2,2
2,0
2,-5
2,3
2,5
2,12
0,-1
0,2
0,0
0,-5
0,3
0,5
0,12
-5,-1
-5,2
-5,0
-5,-5
-5,3
-5,5
-5,12
3,-1
3,2
3,0
3,-5
3,3
3,5
3,12
5,-1
5,2
5,0
5,-5
5,3
5,5
5,12
12,-1
12,2
12,0
12,-5
12,3
12,5
12,12
-1,-1
-1,2
-1,0
-1,-5
-1,3
-1,5
-1,12
2,-1
2,2
2,0
2,-5
2,3
2,5
2,12
0,-1
0,2
0,0
0,-5
0,3
0,5
0,12
-5,-1
-5,2
-5,0
-5,-5
-5,3
-5,5
-5,12
3,-1
3,2
3,0
3,-5
3,3
3,5
3,12
5,-1
5,2
5,0
5,-5
5,3
5,5
5,12
12,-1
12,2
12,0
12,-5
12,3
12,5
12,12
-1,-1
-1,2
-1,0
-1,-5
-1,3
-1,5
-1,12
2,-1
2,2
2,0
2,-5
2,3
2,5
2,12
0,-1
0,2
0,0
0,-5
0,3
0,5
0,12
-5,-1
-5,2
-5,0
-5,-5
-5,3
-5,5
-5,12
3,-1
3,2
3,0
3,-5
3,3
3,5
3,12
5,-1
5,2
5,0
5,-5
5,3
5,5
5,12
12,-1
12,2
12,0
12,-5
12,3
12,5
12,12
-1,-1
-1,2
-1,0
-1,-5
-1,3
-1,5
-1,12
2,-1
2,2
2,0
2,-5
2,3
2,5
2,12
0,-1
0,2
0,0
0,-5
0,3
0,5
0,12
-5,-1
-5,2
-5,0
-5,-5
-5,3
-5,5
-5,12
3,-1
3,2
3,0
3,-5
3,3
3,5
3,12
5,-1
5,2
5,0
5,-5
5,3
5,5
5,12
12,-1
12,2
12,0
12,-5
12,3
12,5
12,12
-1,-1
-1,2
-1,0
-1,-5
-1,3
-1,5
-1,12
2,-1
2,2
2,0
2,-5
2,3
2,5
2,12
0,-1
0,2
0,0
0,-5
0,3
0,5
0,12
-5,-1
-5,2
-5,0
-5,-5
-5,3
-5,5
-5,12
3,-1
3,2
3,0
3,-5
3,3
3,5
3,12
5,-1
5,2
5,0
5,-5
5,3
5,5
5,12
12,-1
12,2
12,0
12,-5
12,3
12,5
12,12
-1,-1
-1,2
-1,0
-1,-5
-1,3
-1,5
-1,12
2,-1
2,2
2,0
2,-5
2,3
2,5
2,12
0,-1
0,2
0,0
0,-5
0,3
0,5
0,12
-5,-1
-5,2
-5,0
-5,-5
-5,3
-5,5
-5,12
3,-1
3,2
3,0
3,-5
3,3
3,5
3,12
5,-1
5,2
5,0
5,-5
5,3
5,5
5,12
12,-1
12,2
12,0
12,-5
12,3
12,5
12,12
-1,-1
-1,2
-1,0
-1,-5
-1,3
-1,5
-1,12
2,-1
2,2
2,0
2,-5
2,3
2,5
2,12
0,-1
0,2
0,0
0,-5
0,3
0,5
0,12
-5,-1
-5,2
-5,0
-5,-5
-5,3
-5,5
-5,12
3,-1
3,2
3,0
3,-5
3,3
3,5
3,12
5,-1
5,2
5,0
5,-5
5,3
5,5
5,12
12,-1
12,2
12,0
12,-5
12,3
12,5
12,12
-1,-1
-1,2
-1,0
-1,-5
-1,3
-1,5
-1,12
2,-1
2,2
2,0
2,-5
2,3
2,5
2,12
0,-1
0,2
0,0
0,-5
0,3
0,5
0,12
-5,-1
-5,2
-5,0
-5,-5
-5,3
-5,5
-5,12
3,-1
3,2
3,0
3,-5
3,3
3,5
3,12
5,-1
5,2
5,0
5,-5
5,3
5,5
5,12
12,-1
12,2
12,0
12,-5
12,3
12,5
12,12
-1,-1
-1,2
-1,0
-1,-5
-1,3
-1,5
-1,12
2,-1
2,2
2,0
2,-5
2,3
2,5
2,12
0,-1
0,2
0,0
0,-5
0,3
0,5
0,12
-5,-1
-5,2
-5,0
-5,-5
-5,3
-5,5
-5,12
3,-1
3,2
3,0
3,-5
3,3
3,5
3,12
5,-1
5,2
5,0
5,-5
5,3
5,5
5,12
12,-1
12,2
12,0
12,-5
12,3
12,5
12,12
-1,-1
-1,2
-1,0
-1,-5
-1,3
-1,5
-1,12
2,-1
2,2
2,0
2,-5
2,3
2,5
2,12
0,-1
0,2
0,0
0,-5
0,3
0,5
0,12
-5,-1
-5,2
-5,0
-5,-5
-5,3
-5,5
-5,12
3,-1
3,2
3,0
3,-5
3,3
3,5
3,12
5,-1
5,2
5,0
5,-5
5,3
5,5
5,12
12,-1
12,2
12,0
12,-5
12,3
12,5
12,12
-1,-1
-1,2
-1,0
-1,-5
-1,3
-1,5
-1,12
2,-1
2,2
2,0
2,-5
2,3
2,5
2,12
0,-1
0,2
0,0
0,-5
0,3
0,5
0,12
-5,-1
-5,2
-5,0
-5,-5
-5,3
-5,5
-5,12
3,-1
3,2
3,0
3,-5
3,3
3,5
3,12
5,-1
5,2
5,0
5,-5
5,3
5,5
5,12
12,-1
12,2
12,0
12,-5
12,3
12,5
12,12
-1,-1
-1,2
-1,0
-1,-5
-1,3
-1,5
-1,12
2,-1
2,2
2,0
2,-5
2,3
2,5
2,12
0,-1
0,2
0,0
0,-5
0,3
0,5
0,12
-5,-1
-5,2
-5,0
-5,-5
-5,3
-5,5
-5,12
3,-1
3,2
3,0
3,-5
3,3
3,5
3,12
5,-1
5,2
5,0
5,-5
5,3
5,5
5,12
12,-1
12,2
12,0
12,-5
12,3
12,5
12,12
-1,-1
-1,2
-1,0
-1,-5
-1,3
-1,5
-1,12
2,-1
2,2
2,0
2,-5
2,3
2,5
2,12
0,-1
0,2
0,0
0,-5
0,3
0,5
0,12
-5,-1
-5,2
-5,0
-5,-5
-5,3
-5,5
-5,12
3,-1
3,2
3,0
3,-5
3,3
3,5
3,12
5,-1
5,2
5,0
5,-5
5,3
5,5
5,12
12,-1
12,2
12,0
12,-5
12,3
12,5
12,12
-1,-1
-1,2
-1,0
-1,-5
-1,3
-1,5
-1,12
2,-1
2,2
2,0
2,-5
2,3
2,5
2,12
0,-1
0,2
0,0
0,-5
0,3
0,5
0,12
-5,-1
-5,2
-5,0
-5,-5
-5,3
-5,5
-5,12
3,-1
3,2
3,0
3,-5
3,3
3,5
3,12
5,-1
5,2
5,0
5,-5
5,3
5,5
5,12
12,-1
12,2
12,0
12,-5
12,3
12,5
12,12
-1,-1
-1,2
-1,0
-1,-5
-1,3
-1,5
-1,12
2,-1
2,2
2,0
2,-5
2,3
2,5
2,12
0,-1
0,2
0,0
0,-5
0,3
0,5
0,12
-5,-1
-5,2
-5,0
-5,-5
-5,3
-5,5
-5,12
3,-1
3,2
3,0
3,-5
3,3
3,5
3,12
5,-1
5,2
5,0
5,-5
5,3
5,5
5,12
12,-1
12,2
12,0
12,-5
12,3
12,5
12,12
-1,-1
-1,2
-1,0
-1,-5
-1,3
-1,5
-1,12
2,-1
2,2
2,0
2,-5
2,3
2,5
2,12
0,-1
0,2
0,0
0,-5
0,3
0,5
0,12
-5,-1
-5,2
-5,0
-5,-5
-5,3
-5,5
-5,12
3,-1
3,2
3,0
3,-5
3,3
3,5
3,12
5,-1
5,2
5,0
5,-5
5,3
5,5
5,12
12,-1
12,2
12,0
12,-5
12,3
12,5
12,12
-1,-1
-1,2
-1,0
-1,-5
-1,3
-1,5
-1,12
2,-1
2,2
2,0
2,-5
2,3
2,5
2,12
0,-1
0,2
0,0
0,-5
0,3
0,5
0,12
-5,-1
-5,2
-5,0
-5,-5
-5,3
-5,5
-5,12
3,-1
3,2
3,0
3,-5
3,3
3,5
3,12
5,-1
5,2
5,0
5,-5
5,3
5,5
5,12
12,-1
12,2
12,0
12,-5
12,3
12,5
12,12
-1,-1
-1,2
-1,0
-1,-5
-1,3
-1,5
-1,12
2,-1
2,2
2,0
2,-5
2,3
2,5
2,12
0,-1
0,2
0,0
0,-5
0,3
0,5
0,12
-5,-1
-5,2
-5,0
-5,-5
-5,3
-5,5
-5,12
3,-1
3,2
3,0
3,-5
3,3
3,5
3,12
5,-1
5,2
5,0
5,-5
5,3
5,5
5,12
12,-1
12,2
12,0
12,-5
12,3
12,5
12,12
-1,-1
-1,2
-1,0
-1,-5
-1,3
-1,5
-1,12
2,-1
2,2
2,0
2,-5
2,3
2,5
2,12
0,-1
0,2
0,0
0,-5
0,3
0,5
0,12
-5,-1
-5,2
-5,0
-5,-5
-5,3
-5,5
-5,12
3,-1
3,2
3,0
3,-5
3,3
3,5
3,12
5,-1
5,2
5,0
5,-5
5,3
5,5
5,12
12,-1
12,2
12,0
12,-5
12,3
12,5
12,12
-1,-1
-1,2
-1,0
-1,-5
-1,3
-1,5
-1,12
2,-1
2,2
2,0
2,-5
2,3
2,5
2,12
0,-1
0,2
0,0
0,-5
0,3
0,5
0,12
-5,-1
-5,2
-5,0
-5,-5
-5,3
-5,5
-5,12
3,-1
3,2
3,0
3,-5
3,3
3,5
3,12
5,-1
5,2
5,0
5,-5
5,3
5,5
5,12
12,-1
12,2
12,0
12,-5
12,3
12,5
12,12
-1,-1
-1,2
-1,0
-1,-5
-1,3
-1,5
-1,12
2,-1
2,2
2,0
2,-5
2,3
2,5
2,12
0,-1
0,2
0,0
0,-5
0,3
0,5
0,12
-5,-1
-5,2
-5,0
-5,-5
-5,3
-5,5
-5,12
3,-1
3,2
3,0
3,-5
3,3
3,5
3,12
5,-1
5,2
5,0
5,-5
5,3
5,5
5,12
12,-1
12,2
12,0
12,-5
12,3
12,5
12,12
-1,-1
-1,2
-1,0
-1,-5
-1,3
-1,5
-1,12
2,-1
2,2
2,0
2,-5
2,3
2,5
2,12
0,-1
0,2
0,0
0,-5
0,3
0,5
0,12
-5,-1
-5,2
-5,0
-5,-5
-5,3
-5,5
-5,12
3,-1
3,2
3,0
3,-5
3,3
3,5
3,12
5,-1
5,2
5,0
5,-5
5,3
5,5
5,12
12,-1
12,2
12,0
12,-5
12,3
12,5
12,12
-1,-1
-1,2
-1,0
-1,-5
-1,3
-1,5
-1,12
2,-1
2,2
2,0
2,-5
2,3
2,5
2,12
0,-1
0,2
0,0
0,-5
0,3
0,5
0,12
-5,-1
-5,2
-5,0
-5,-5
-5,3
-5,5
-5,12
3,-1
3,2
3,0
3,-5
3,3
3,5
3,12
5,-1
5,2
5,0
5,-5
5,3
5,5
5,12
12,-1
12,2
12,0
12,-5
12,3
12,5
12,12
-1,-1
-1,2
-1,0
-1,-5
-1,3
-1,5
-1,12
2,-1
2,2
2,0
2,-5
2,3
2,5
2,12
0,-1
0,2
0,0
0,-5
0,3
0,5
0,12
-5,-1
-5,2
-5,0
-5,-5
-5,3
-5,5
-5,12
3,-1
3,2
3,0
3,-5
3,3
3,5
3,12
5,-1
5,2
5,0
5,-5
5,3
5,5
5,12
12,-1
12,2
12,0
12,-5
12,3
12,5
12,12
-1,-1
-1,2
-1,0
-1,-5
-1,3
-1,5
-1,12
2,-1
2,2
2,0
2,-5
2,3
2,5
2,12
0,-1
0,2
0,0
0,-5
0,3
0,5
0,12
-5,-1
-5,2
-5,0
-5,-5
-5,3
-5,5
-5,12
3,-1
3,2
3,0
3,-5
3,3
3,5
3,12
5,-1
5,2
5,0
5,-5
5,3
5,5
5,12
12,-1
12,2
12,0
12,-5
12,3
12,5
12,12
-1,-1
-1,2
-1,0
-1,-5
-1,3
-1,5
-1,12
2,-1
2,2
2,0
2,-5
2,3
2,5
2,12
0,-1
0,2
0,0
0,-5
0,3
0,5
0,12
-5,-1
-5,2
-5,0
-5,-5
-5,3
-5,5
-5,12
3,-1
3,2
3,0
3,-5
3,3
3,5
3,12
5,-1
5,2
5,0
5,-5
5,3
5,5
5,12
12,-1
12,2
12,0
12,-5
12,3
12,5
12,12
-1,-1
-1,2
-1,0
-1,-5
-1,3
-1,5
-1,12
2,-1
2,2
2,0
2,-5
2,3
2,5
2,12
0,-1
0,2
0,0
0,-5
0,3
0,5
0,12
-5,-1
-5,2
-5,0
-5,-5
-5,3
-5,5
-5,12
3,-1
3,2
3,0
3,-5
3,3
3,5
3,12
5,-1
5,2
5,0
5,-5
5,3
5,5
5,12
12,-1
12,2
12,0
12,-5
12,3
12,5
12,12
-1,-1
-1,2
-1,0
-1,-5
-1,3
-1,5
-1,12
2,-1
2,2
2,0
2,-5
2,3
2,5
2,12
0,-1
0,2
0,0
0,-5
0,3
0,5
0,12
-5,-1
-5,2
-5,0
-5,-5
-5,3
-5,5
-5,12
3,-1
3,2
3,0
3,-5
3,3
3,5
3,12
5,-1
5,2
5,0
5,-5
5,3
5,5
5,12
12,-1
12,2
12,0
12,-5
12,3
12,5
12,12
-1,-1
-1,2
-1,0
-1,-5
-1,3
-1,5
-1,12
2,-1
2,2
2,0
2,-5
2,3
2,5
2,12
0,-1
0,2
0,0
0,-5
0,3
0,5
0,12
-5,-1
-5,2
-5,0
-5,-5
-5,3
-5,5
-5,12
3,-1
3,2
3,0
3,-5
3,3
3,5
3,12
5,-1
5,2
5,0
5,-5
5,3
5,5
5,12
12,-1
12,2
12,0
12,-5
12,3
12,5
12,12
-1,-1
-1,2
-1,0
-1,-5
-1,3
-1,5
-1,12
2,-1
2,2
2,0
2,-5
2,3
2,5
2,12
0,-1
0,2
0,0
0,-5
0,3
0,5
0,12
-5,-1
-5,2
-5,0
-5,-5
-5,3
-5,5
-5,12
3,-1
3,2
3,0
3,-5
3,3
3,5
3,12
5,-1
5,2
5,0
5,-5
5,3
5,5
5,12
12,-1
12,2
12,0
12,-5
12,3
12,5
12,12
-1,-1
-1,2
-1,0
-1,-5
-1,3
-1,5
-1,12
2,-1
2,2
2,0
2,-5
2,3
2,5
2,12
0,-1
0,2
0,0
0,-5
0,3
0,5
0,12
-5,-1
-5,2
-5,0
-5,-5
-5,3
-5,5
-5,12
3,-1
3,2
3,0
3,-5
3,3
3,5
3,12
5,-1
5,2
5,0
5,-5
5,3
5,5
5,12
12,-1
12,2
12,0
12,-5
12,3
12,5
12,12
-1,-1
-1,2
-1,0
-1,-5
-1,3
-1,5
-1,12
2,-1
2,2
2,0
2,-5
2,3
2,5
2,12
0,-1
0,2
0,0
0,-5
0,3
0,5
0,12
-5,-1
-5,2
-5,0
-5,-5
-5,3
-5,5
-5,12
3,-1
3,2
3,0
3,-5
3,3
3,5
3,12
5,-1
5,2
5,0
5,-5
5,3
5,5
5,12
12,-1
12,2
12,0
12,-5
12,3
12,5
12,12
-1,-1
-1,2
-1,0
-1,-5
-1,3
-1,5
-1,12
2,-1
2,2
2,0
2,-5
2,3
2,5
2,12
0,-1
0,2
0,0
0,-5
0,3
0,5
0,12
-5,-1
-5,2
-5,0
-5,-5
-5,3
-5,5
-5,12
3,-1
3,2
3,0
3,-5
3,3
3,5
3,12
5,-1
5,2
5,0
5,-5
5,3
5,5
5,12
12,-1
12,2
12,0
12,-5
12,3
12,5
12,12
-1,-1
-1,2
-1,0
-1,-5
-1,3
-1,5
-1,12
2,-1
2,2
2,0
2,-5
2,3
2,5
2,12
0,-1
0,2
0,0
0,-5
0,3
0,5
0,12
-5,-1
-5,2
-5,0
-5,-5
-5,3
-5,5
-5,12
3,-1
3,2
3,0
3,-5
3,3
3,5
3,12
5,-1
5,2
5,0
5,-5
5,3
5,5
5,12
12,-1
12,2
12,0
12,-5
12,3
12,5
12,12
-1,-1
-1,2
-1,0
-1,-5
-1,3
-1,5
-1,12
2,-1
2,2
2,0
2,-5
2,3
2,5
2,12
0,-1
0,2
0,0
0,-5
0,3
0,5
0,12
-5,-1
-5,2
-5,0
-5,-5
-5,3
-5,5
-5,12
3,-1
3,2
3,0
3,-5
3,3
3,5
3,12
5,-1
5,2
5,0
5,-5
5,3
5,5
5,12
12,-1
12,2
12,0
12,-5
12,3
12,5
12,12
-1,-1
-1,2
-1,0
-1,-5
-1,3
-1,5
-1,12
2,-1
2,2
2,0
2,-5
2,3
2,5
2,12
0,-1
0,2
0,0
0,-5
0,3
0,5
0,12
-5,-1
-5,2
-5,0
-5,-5
-5,3
-5,5
-5,12
3,-1
3,2
3,0
3,-5
3,3
3,5
3,12
5,-1
5,2
5,0
5,-5
5,3
5,5
5,12
12,-1
12,2
12,0
12,-5
12,3
12,5
12,12
-1,-1
-1,2
-1,0
-1,-5
-1,3
-1,5
-1,12
2,-1
2,2
2,0
2,-5
2,3
2,5
2,12
0,-1
0,2
0,0
0,-5
0,3
0,5
0,12
-5,-1
-5,2
-5,0
-5,-5
-5,3
-5,5
-5,12
3,-1
3,2
3,0
3,-5
3,3
3,5
3,12
5,-1
5,2
5,0
5,-5
5,3
5,5
5,12
12,-1
12,2
12,0
12,-5
12,3
12,5
12,12
-1,-1
-1,2
-1,0
-1,-5
-1,3
-1,5
-1,12
2,-1
2,2
2,0
2,-5
2,3
2,5
2,12
0,-1
0,2
0,0
0,-5
0,3
0,5
0,12
-5,-1
-5,2
-5,0
-5,-5
-5,3
-5,5
-5,12
3,-1
3,2
3,0
3,-5
3,3
3,5
3,12
5,-1
5,2
5,0
5,-5
5,3
5,5
5,12
12,-1
12,2
12,0
12,-5
12,3
12,5
12,12
-1,-1
-1,2
-1,0
-1,-5
-1,3
-1,5
-1,12
2,-1
2,2
2,0
2,-5
2,3
2,5
2,12
0,-1
0,2
0,0
0,-5
0,3
0,5
0,12
-5,-1
-5,2
-5,0
-5,-5
-5,3
-5,5
-5,12
3,-1
3,2
3,0
3,-5
3,3
3,5
3,12
5,-1
5,2
5,0
5,-5
5,3
5,5
5,12
12,-1
12,2
12,0
12,-5
12,3
12,5
12,12
]]></system-out>
  <system-err><![CDATA[]]></system-err>
</testsuite>
