<?xml version="1.0" encoding="UTF-8"?>
<testsuite name="org.cap.product.test.AllTests" tests="0" skipped="0" failures="0" errors="0" timestamp="1970-01-01T00:00:00" hostname="DIN39000535" time="0.0">
  <properties/>
  <system-out><![CDATA[setUpMethod
tearDownMethod
setUpMethod
tearDownMethod
]]></system-out>
  <system-err><![CDATA[]]></system-err>
</testsuite>
